<?xml version="1.0" encoding="UTF-8"?>
<Site BuildName="Win32-MSBuild"
	BuildStamp="20230302-1750-Experimental"
	Name="DESKTOP-TAT33CT"
	Generator="ctest-3.26.0-rc4"
	CompilerName="C:/Program Files/Microsoft Visual Studio/2022/Community/VC/Tools/MSVC/14.35.32215/bin/Hostx64/x64/cl.exe"
	CompilerVersion="19.35.32215.0"
	OSName="Windows"
	Hostname="DESKTOP-TAT33CT"
	OSRelease=" Personal"
	OSVersion=" (Build 22621)"
	OSPlatform="AMD64"
	Is64Bits="1"
	VendorString="GenuineIntel"
	VendorID="Intel Corporation"
	FamilyID="6"
	ModelID="12"
	ProcessorCacheSize="-1"
	NumberOfLogicalCPU="8"
	NumberOfPhysicalCPU="4"
	TotalVirtualMemory="26423"
	TotalPhysicalMemory="16183"
	LogicalProcessorsPerPhysical="2"
	ProcessorClockFrequency="2803"
	>
	<Testing>
		<StartDateTime>Mar 02 18:50 W. Europe Standard Time</StartDateTime>
		<StartTestTime>1677779424</StartTestTime>
		<TestList/>
		<EndDateTime>Mar 02 18:50 W. Europe Standard Time</EndDateTime>
		<EndTestTime>1677779424</EndTestTime>
		<ElapsedMinutes>0</ElapsedMinutes>
	</Testing>
</Site>
